#
# A fatal error has been detected by the Java Runtime Environment:
#
#  EXCEPTION_ACCESS_VIOLATION (0xc0000005) at pc=0x00007ffe02da26c4, pid=14508, tid=14164
#
# JRE version: OpenJDK Runtime Environment (24.0.1+9) (build 24.0.1+9-30)
# Java VM: OpenJDK 64-Bit Server VM (24.0.1+9-30, mixed mode, emulated-client, sharing, tiered, compressed oops, compressed class ptrs, g1 gc, windows-amd64)
# Problematic frame:
# C  [libasyncProfiler.dll+0x926c4]
#
# No core dump will be written. Minidumps are not enabled by default on client versions of Windows
#
# JFR recording file will be written. Location: C:\Users\Kolya\IdeaProjects\StockPriceChecker\hs_err_pid14508.jfr
#
# If you would like to submit a bug report, please visit:
#   https://bugreport.java.com/bugreport/crash.jsp
# The crash happened outside the Java Virtual Machine in native code.
# See problematic frame for where to report the bug.
#

---------------  S U M M A R Y ------------

Command Line: -XX:TieredStopAtLevel=1 -Dspring.output.ansi.enabled=always -Dcom.sun.management.jmxremote -Dspring.jmx.enabled=true -Dspring.liveBeansView.mbeanDomain -Dspring.application.admin.enabled=true -Dmanagement.endpoints.jmx.exposure.include=* -javaagent:C:\Program Files\JetBrains\IntelliJ IDEA 2025.1.1.1\lib\idea_rt.jar=52936 -Dfile.encoding=UTF-8 -Dsun.stdout.encoding=UTF-8 -Dsun.stderr.encoding=UTF-8 stankin.glazkov.stockpricechecker.StockPriceCheckerApplication

Host: 12th Gen Intel(R) Core(TM) i5-12500H, 16 cores, 15G,  Windows 11 , 64 bit Build 26100 (10.0.26100.4202)
Time: Thu Sep 25 03:23:32 2025 RTZ 2 (s 11 , 64 bit Build 26100 (10.0.26100.4202) elapsed time: 120.464596 seconds (0d 0h 2m 0s)

---------------  T H R E A D  ---------------

Current thread (0x00000204aef9c9d0):  JavaThread "Attach Listener" daemon [_thread_in_native, id=14164, stack(0x000000861b300000,0x000000861b400000) (1024K)]

Stack: [0x000000861b300000,0x000000861b400000],  sp=0x000000861b3ff160,  free space=1020k
Native frames: (J=compiled Java code, j=interpreted, Vv=VM code, C=native code)
C  [libasyncProfiler.dll+0x926c4]  (no source info available)
C  [libasyncProfiler.dll+0x92b9b]  (no source info available)
C  [libasyncProfiler.dll+0x917f4]  (no source info available)
C  [libasyncProfiler.dll+0x9206a]  (no source info available)
C  [libasyncProfiler.dll+0x8cc21]  (no source info available)
C  [libasyncProfiler.dll+0x7e5e1]  (no source info available)
C  [libasyncProfiler.dll+0x7d2f8]  (no source info available)
C  [libasyncProfiler.dll+0x7d1e0]  (no source info available)
C  [libasyncProfiler.dll+0x841b9]  (no source info available)
V  [jvm.dll+0x57eff7]  (no source info available)
V  [jvm.dll+0x57fdac]  (no source info available)
V  [jvm.dll+0x14ca17]  (no source info available)
V  [jvm.dll+0x14dfe1]  (no source info available)
V  [jvm.dll+0x42f456]  (no source info available)
V  [jvm.dll+0x87d76b]  (no source info available)
V  [jvm.dll+0x72ee55]  (no source info available)
C  [ucrtbase.dll+0x37b0]  (no source info available)
C  [KERNEL32.DLL+0x2e8d7]  (no source info available)
C  [ntdll.dll+0x3c34c]  (no source info available)


siginfo: EXCEPTION_ACCESS_VIOLATION (0xc0000005), reading address 0xffffffffffffffff


Registers:
RAX=0x0000000000000010, RBX=0x0000000000000000, RCX=0xffffffffffffffff, RDX=0x007ffdd282300010
RSP=0x000000861b3ff160, RBP=0x00000204f4c2fa10, RSI=0x000000861b3ff2d0, RDI=0x00000204f4c2fa10
R8 =0x0000000000000042, R9 =0x0000000704a01020, R10=0x00007ffdd2a99fb0, R11=0x0000000000000018
R12=0x000000861b3ff2d0, R13=0x00000204f40276c0, R14=0x00000204aef9cd98, R15=0x00000204aef9cd98
RIP=0x00007ffe02da26c4, EFLAGS=0x0000000000010202

XMM[0]=0x0000000000000000 0x0000000000000000
XMM[1]=0x0000000000000000 0x0000000000000000
XMM[2]=0x0000000000000000 0x0000000000000000
XMM[3]=0x0000000000000000 0x0000000000000000
XMM[4]=0x0000000000000000 0x0000000000000000
XMM[5]=0x0000000000000000 0x0000000000000000
XMM[6]=0x0000000000000000 0x0000000000000000
XMM[7]=0x0000000000000000 0x0000000000000000
XMM[8]=0x0000000000000000 0x0000000000000000
XMM[9]=0x0000000000000000 0x0000000000000000
XMM[10]=0x0000000000000000 0x0000000000000000
XMM[11]=0x0000000000000000 0x0000000000000000
XMM[12]=0x0000000000000000 0x0000000000000000
XMM[13]=0x0000000000000000 0x0000000000000000
XMM[14]=0x0000000000000000 0x0000000000000000
XMM[15]=0x0000000000000000 0x0000000000000000
  MXCSR=0x00001fa0


Register to memory mapping:

RAX=0x0000000000000010 is an unknown value
RBX=0x0 is null
RCX=0xffffffffffffffff is an unknown value
RDX=0x007ffdd282300010 is an unknown value
RSP=0x000000861b3ff160 is pointing into the stack for thread: 0x00000204aef9c9d0
RBP=0x00000204f4c2fa10 points into unknown readable memory: 0x0000000704a01020 | 20 10 a0 04 07 00 00 00
RSI=0x000000861b3ff2d0 is pointing into the stack for thread: 0x00000204aef9c9d0
RDI=0x00000204f4c2fa10 points into unknown readable memory: 0x0000000704a01020 | 20 10 a0 04 07 00 00 00
R8 =0x0000000000000042 is an unknown value
R9 =0x0000000704a01020 is an oop: java.lang.ref.Reference$ReferenceHandler 
{0x0000000704a01020} - klass: 'java/lang/ref/Reference$ReferenceHandler' - flags: 

 - ---- fields (total size 14 words):
 - 'threadLocalRandomProbe' 'I' @12  0 (0x00000000)
 - private volatile 'eetop' 'J' @16  2219138709488 (0x00000204aef977f0)
 - private final 'tid' 'J' @24  15 (0x000000000000000f)
 - 'threadLocalRandomSeed' 'J' @32  0 (0x0000000000000000)
 - injected 'jvmti_thread_state' 'J' @40  2220326209776 (0x00000204f5c148f0)
 - 'threadLocalRandomSecondarySeed' 'I' @48  0 (0x00000000)
 - injected 'jvmti_VTMS_transition_disable_count' 'I' @52  0 (0x00000000)
 - injected 'jfr_epoch' 'S' @56  0 (0x0000)
 - volatile 'interrupted' 'Z' @58  false (0x00)
 - injected 'jvmti_is_in_VTMS_transition' 'Z' @59  false (0x00)
 - private volatile 'name' 'Ljava/lang/String;' @60  "Reference Handler"{0x0000000704ce4cd0} (0xe099c99a)
 - private volatile 'contextClassLoader' 'Ljava/lang/ClassLoader;' @64  null (0x00000000)
 - private final 'holder' 'Ljava/lang/Thread$FieldHolder;' @68  a 'java/lang/Thread$FieldHolder'{0x0000000705254b40} (0xe0a4a968)
 - 'threadLocals' 'Ljava/lang/ThreadLocal$ThreadLocalMap;' @72  null (0x00000000)
 - 'inheritableThreadLocals' 'Ljava/lang/ThreadLocal$ThreadLocalMap;' @76  null (0x00000000)
 - private 'scopedValueBindings' 'Ljava/lang/Object;' @80  a 'java/lang/Class'{0x0000000704a00160} = 'java/lang/Thread' (0xe094002c)
 - final 'interruptLock' 'Ljava/lang/Object;' @84  a 'java/lang/Object'{0x0000000705254b68} (0xe0a4a96d)
 - private volatile 'parkBlocker' 'Ljava/lang/Object;' @88  null (0x00000000)
 - private 'nioBlocker' 'Lsun/nio/ch/Interruptible;' @92  null (0x00000000)
 - private 'cont' 'Ljdk/internal/vm/Continuation;' @96  null (0x00000000)
 - private volatile 'uncaughtExceptionHandler' 'Ljava/lang/Thread$UncaughtExceptionHandler;' @100  null (0x00000000)
 - private 'container' 'Ljdk/internal/vm/ThreadContainer;' @104  null (0x00000000)
 - private volatile 'headStackableScopes' 'Ljdk/internal/vm/StackableScope;' @108  null (0x00000000)
R10=0x00007ffdd2a99fb0 jvm.dll
R11=0x0000000000000018 is an unknown value
R12=0x000000861b3ff2d0 is pointing into the stack for thread: 0x00000204aef9c9d0
R13=0x00000204f40276c0 points into unknown readable memory: 0x00007ffdd2a0a510 | 10 a5 a0 d2 fd 7f 00 00
R14=0x00000204aef9cd98 points into unknown readable memory: 0x00007ffdd2a017b0 | b0 17 a0 d2 fd 7f 00 00
R15=0x00000204aef9cd98 points into unknown readable memory: 0x00007ffdd2a017b0 | b0 17 a0 d2 fd 7f 00 00

Top of Stack: (sp=0x000000861b3ff160)
0x000000861b3ff160:   000000861b3ff2d0 00000204f4c2fa10   ..?.............
0x000000861b3ff170:   0000000000000000 00000204aef9d120   ........ .......
0x000000861b3ff180:   0000000000000036 00007ffe02da2b9b   6........+......
0x000000861b3ff190:   0000000000000000 00000204aef9cd98   ................
0x000000861b3ff1a0:   000000861b3ff201 0000000000000000   ..?.............
0x000000861b3ff1b0:   00000204f5be9f30 00007ffe02da17f4   0...............
0x000000861b3ff1c0:   0000000000000000 0000000000000036   ........6.......
0x000000861b3ff1d0:   0000000000000000 0000000000000036   ........6.......
0x000000861b3ff1e0:   0000001700000002 00000204f4b98640   ........@.......
0x000000861b3ff1f0:   00000204f5be9f30 00000204f5bea008   0...............
0x000000861b3ff200:   00000204f5bea02c 0000000000002b74   ,.......t+......
0x000000861b3ff210:   0000000000000000 0000000000000000   ................
0x000000861b3ff220:   0000000000000000 00007ffdd22657d4   .........W&.....
0x000000861b3ff230:   00007ffe02ee4ca0 00000000000038ac   .L.......8......
0x000000861b3ff240:   00007ffe02ee4ca0 00000000ffffffff   .L..............
0x000000861b3ff250:   0000000000000000 00007ffe02da206a   ........j ......
0x000000861b3ff260:   00000204aef9cd98 0000000000000000   ................
0x000000861b3ff270:   000000861b3ff2d9 00000204f40276c0   ..?......v......
0x000000861b3ff280:   0000000000000004 0000000000000048   ........H.......
0x000000861b3ff290:   0000000800800310 0000000000000020   ........ .......
0x000000861b3ff2a0:   00000204aef9cd98 00007ffe02ee4ca0   .........L......
0x000000861b3ff2b0:   00000204aedb0e60 00000204f5c148f0   `........H......
0x000000861b3ff2c0:   0000000800800390 00000204aef9cd98   ................
0x000000861b3ff2d0:   00000204f7d7b9b0 00000204f7d7c070   ........p.......
0x000000861b3ff2e0:   00000204f7d7c070 00007ffe02ee4ca0   p........L......
0x000000861b3ff2f0:   00000204f4075c38 000000861b3ff468   8\......h.?.....
0x000000861b3ff300:   000000861b3ff5a0 0000000000008840   ..?.....@.......
0x000000861b3ff310:   000000861b3ff780 00007ffe02ee4cf0   ..?......L......
0x000000861b3ff320:   0000000000989680 0000000000989680   ................
0x000000861b3ff330:   000000861b3ff440 00007ffe02d9cc21   @.?.....!.......
0x000000861b3ff340:   00007ffe02ee4ca0 00007ffe02ee4cf8   .L.......L......
0x000000861b3ff350:   00007ffe00000000 00007ffd00000001   ................

Instructions: (pc=0x00007ffe02da26c4)
  0x00007ffe02da25c4:   cc cc cc cc cc cc cc cc cc cc cc cc cc cc cc cc
  0x00007ffe02da25d4:   cc cc cc cc cc cc cc cc cc cc cc cc cc cc cc cc
  0x00007ffe02da25e4:   cc cc cc cc cc cc cc cc cc cc cc cc cc cc cc cc
  0x00007ffe02da25f4:   cc cc cc cc cc cc cc cc cc cc cc cc cc cc cc cc
  0x00007ffe02da2604:   cc cc cc cc cc cc cc cc cc cc cc cc cc cc cc cc
  0x00007ffe02da2614:   cc cc cc cc cc cc cc cc cc cc cc cc cc cc cc cc
  0x00007ffe02da2624:   cc cc cc cc cc cc cc cc cc cc cc cc cc cc cc cc
  0x00007ffe02da2634:   cc cc cc cc cc cc cc cc cc cc cc cc cc cc cc cc
  0x00007ffe02da2644:   cc cc cc cc cc cc cc cc cc cc cc cc 40 57 48 83
  0x00007ffe02da2654:   ec 20 48 8b f9 48 8b 0d 10 28 14 00 48 85 c9 74
  0x00007ffe02da2664:   20 48 8b 01 48 8d 54 24 38 41 b8 06 00 01 00 4c
  0x00007ffe02da2674:   8b 48 30 41 ff d1 85 c0 75 07 48 8b 4c 24 38 eb
  0x00007ffe02da2684:   02 33 c9 4c 8b 05 ea 28 14 00 48 89 5c 24 30 4d
  0x00007ffe02da2694:   85 c0 74 4a 48 8b 01 48 8b d7 4c 8b 88 28 03 00
  0x00007ffe02da26a4:   00 41 ff d1 48 85 c0 74 35 48 63 0d f8 e6 13 00
  0x00007ffe02da26b4:   48 8b 14 01 48 85 d2 74 15 48 63 05 fc e6 13 00
=>0x00007ffe02da26c4:   8b 04 10 48 8b 5c 24 30 48 83 c4 20 5f c3 b8 ff
  0x00007ffe02da26d4:   ff ff ff 48 8b 5c 24 30 48 83 c4 20 5f c3 80 3d
  0x00007ffe02da26e4:   9b 27 14 00 00 bb ff ff ff ff 74 20 4c 8b 0d 31
  0x00007ffe02da26f4:   24 14 00 4c 8d 44 24 38 48 8b 0d 15 24 14 00 48
  0x00007ffe02da2704:   8b d7 41 ff d1 85 c0 0f 44 5c 24 38 8b c3 48 8b
  0x00007ffe02da2714:   5c 24 30 48 83 c4 20 5f c3 cc cc cc cc cc cc cc
  0x00007ffe02da2724:   cc cc cc cc cc cc cc cc cc cc cc cc cc cc cc cc
  0x00007ffe02da2734:   cc cc cc cc cc cc cc cc cc cc cc cc cc cc cc cc
  0x00007ffe02da2744:   cc cc cc cc cc cc cc cc cc cc cc cc 48 89 54 24
  0x00007ffe02da2754:   10 53 55 56 57 41 56 41 57 48 83 ec 28 48 8b f2
  0x00007ffe02da2764:   4c 8b f1 48 89 4c 24 78 45 33 ff 44 89 7c 24 68
  0x00007ffe02da2774:   c7 44 24 60 01 00 00 00 48 8d 4c 24 68 e8 ed 42
  0x00007ffe02da2784:   f7 ff 8b d8 48 8d 4c 24 60 e8 e1 42 f7 ff 8b e8
  0x00007ffe02da2794:   49 8b ce e8 00 fc f6 ff 48 8b f8 90 8b c3 f0 0f
  0x00007ffe02da27a4:   b1 2f 74 04 f3 90 eb f4 4c 89 3e 4c 89 7e 08 4c
  0x00007ffe02da27b4:   89 7e 10 49 8b 6e 08 4d 8b 76 10 49 3b ee 0f 84


Stack slot to memory mapping:

stack at sp + 0 slots: 0x000000861b3ff2d0 is pointing into the stack for thread: 0x00000204aef9c9d0
stack at sp + 1 slots: 0x00000204f4c2fa10 points into unknown readable memory: 0x0000000704a01020 | 20 10 a0 04 07 00 00 00
stack at sp + 2 slots: 0x0 is null
stack at sp + 3 slots: 0x00000204aef9d120 points into unknown readable memory: 0x6e616c2e6176616a | 6a 61 76 61 2e 6c 61 6e
stack at sp + 4 slots: 0x0000000000000036 is an unknown value
stack at sp + 5 slots: 0x00007ffe02da2b9b libasyncProfiler.dll
stack at sp + 6 slots: 0x0 is null
stack at sp + 7 slots: 0x00000204aef9cd98 points into unknown readable memory: 0x00007ffdd2a017b0 | b0 17 a0 d2 fd 7f 00 00

Lock stack of current Java thread (top to bottom):


---------------  P R O C E S S  ---------------

Threads class SMR info:
_java_thread_list=0x00000204f600f2f0, length=29, elements={
0x00000204aef977f0, 0x00000204aef97f30, 0x00000204aef9bd70, 0x00000204aef9c9d0,
0x00000204aef9e2d0, 0x00000204aef9faa0, 0x00000204aefabc40, 0x00000204f4177e20,
0x00000204f4304dc0, 0x00000204f4305500, 0x00000204f4d823d0, 0x00000204f4dbf850,
0x00000204f4dc70b0, 0x00000204f4e941f0, 0x00000204f4e94940, 0x00000204f4e93aa0,
0x00000204f5b60970, 0x00000204f5b62e00, 0x00000204f5b61f60, 0x00000204f5b643f0,
0x00000204f5b626b0, 0x00000204f5b65290, 0x00000204f5b659e0, 0x00000204f5b66130,
0x00000204f5b610c0, 0x00000204f4ad0090, 0x00000204f6007070, 0x00000204f4c0c860,
0x00000204f5b66880
}

Java Threads: ( => current thread )
  0x00000204aef977f0 JavaThread "Reference Handler"          daemon [_thread_blocked, id=23616, stack(0x000000861b000000,0x000000861b100000) (1024K)]
  0x00000204aef97f30 JavaThread "Finalizer"                  daemon [_thread_blocked, id=15776, stack(0x000000861b100000,0x000000861b200000) (1024K)]
  0x00000204aef9bd70 JavaThread "Signal Dispatcher"          daemon [_thread_blocked, id=27416, stack(0x000000861b200000,0x000000861b300000) (1024K)]
=>0x00000204aef9c9d0 JavaThread "Attach Listener"            daemon [_thread_in_native, id=14164, stack(0x000000861b300000,0x000000861b400000) (1024K)]
  0x00000204aef9e2d0 JavaThread "Service Thread"             daemon [_thread_blocked, id=25548, stack(0x000000861b400000,0x000000861b500000) (1024K)]
  0x00000204aef9faa0 JavaThread "Monitor Deflation Thread"   daemon [_thread_blocked, id=19624, stack(0x000000861b500000,0x000000861b600000) (1024K)]
  0x00000204aefabc40 JavaThread "C1 CompilerThread0"         daemon [_thread_blocked, id=26376, stack(0x000000861b600000,0x000000861b700000) (1024K)]
  0x00000204f4177e20 JavaThread "Common-Cleaner"             daemon [_thread_blocked, id=18116, stack(0x000000861ba00000,0x000000861bb00000) (1024K)]
  0x00000204f4304dc0 JavaThread "Monitor Ctrl-Break"         daemon [_thread_in_native, id=22912, stack(0x000000861bb00000,0x000000861bc00000) (1024K)]
  0x00000204f4305500 JavaThread "Notification Thread"        daemon [_thread_blocked, id=14352, stack(0x000000861bc00000,0x000000861bd00000) (1024K)]
  0x00000204f4d823d0 JavaThread "RMI TCP Accept-0"           daemon [_thread_in_native, id=14956, stack(0x000000861bd00000,0x000000861be00000) (1024K)]
  0x00000204f4dbf850 JavaThread "RMI Scheduler(0)"           daemon [_thread_blocked, id=14356, stack(0x000000861bf00000,0x000000861c000000) (1024K)]
  0x00000204f4dc70b0 JavaThread "JMX server connection timeout 40" daemon [_thread_blocked, id=25884, stack(0x000000861c000000,0x000000861c100000) (1024K)]
  0x00000204f4e941f0 JavaThread "File Watcher"               daemon [_thread_blocked, id=23040, stack(0x000000861d400000,0x000000861d500000) (1024K)]
  0x00000204f4e94940 JavaThread "Live Reload Server"         daemon [_thread_in_native, id=5736, stack(0x000000861d600000,0x000000861d700000) (1024K)]
  0x00000204f4e93aa0 JavaThread "OkHttp api.telegram.org"    daemon [_thread_in_native, id=17536, stack(0x000000861d700000,0x000000861d800000) (1024K)]
  0x00000204f5b60970 JavaThread "Okio Watchdog"              daemon [_thread_blocked, id=19892, stack(0x000000861d900000,0x000000861da00000) (1024K)]
  0x00000204f5b62e00 JavaThread "OkHttp api.telegram.org"    daemon [_thread_in_native, id=17872, stack(0x000000861da00000,0x000000861db00000) (1024K)]
  0x00000204f5b61f60 JavaThread "pool-2-thread-1"                   [_thread_blocked, id=22836, stack(0x000000861dc00000,0x000000861dd00000) (1024K)]
  0x00000204f5b643f0 JavaThread "DestroyJavaVM"                     [_thread_blocked, id=19876, stack(0x000000861a800000,0x000000861a900000) (1024K)]
  0x00000204f5b626b0 JavaThread "RMI TCP Connection(2)-10.48.118.160" daemon [_thread_in_native, id=26304, stack(0x000000861c100000,0x000000861c200000) (1024K)]
  0x00000204f5b65290 JavaThread "pool-1-thread-1"                   [_thread_blocked, id=20084, stack(0x000000861dd00000,0x000000861de00000) (1024K)]
  0x00000204f5b659e0 JavaThread "OkHttp TaskRunner"          daemon [_thread_blocked, id=8644, stack(0x000000861df00000,0x000000861e000000) (1024K)]
  0x00000204f5b66130 JavaThread "OkHttp TaskRunner"          daemon [_thread_blocked, id=22904, stack(0x000000861e000000,0x000000861e100000) (1024K)]
  0x00000204f5b610c0 JavaThread "JFR Recorder Thread"        daemon [_thread_in_native, id=22548, stack(0x000000861a500000,0x000000861a600000) (1024K)]
  0x00000204f4ad0090 JavaThread "C1 CompilerThread1"         daemon [_thread_blocked, id=1072, stack(0x000000861a700000,0x000000861a800000) (1024K)]
  0x00000204f6007070 JavaThread "C1 CompilerThread2"         daemon [_thread_blocked, id=27136, stack(0x000000861b800000,0x000000861b900000) (1024K)]
  0x00000204f4c0c860 JavaThread "C1 CompilerThread3"         daemon [_thread_blocked, id=7948, stack(0x000000861b900000,0x000000861ba00000) (1024K)]
  0x00000204f5b66880 JavaThread "JFR Periodic Tasks"         daemon [_thread_blocked, id=11124, stack(0x000000861be00000,0x000000861bf00000) (1024K)]
Total: 29

Other Threads:
  0x00000204aef85bc0 VMThread "VM Thread"                           [id=11028, stack(0x000000861af00000,0x000000861b000000) (1024K)]
  0x00000204aee3cea0 WatcherThread "VM Periodic Task Thread"        [id=15568, stack(0x000000861ae00000,0x000000861af00000) (1024K)]
  0x000002049b07b640 WorkerThread "GC Thread#0"                     [id=21732, stack(0x000000861a900000,0x000000861aa00000) (1024K)]
  0x00000204f5000d20 WorkerThread "GC Thread#1"                     [id=8736, stack(0x000000861c300000,0x000000861c400000) (1024K)]
  0x00000204f5001830 WorkerThread "GC Thread#2"                     [id=17776, stack(0x000000861c400000,0x000000861c500000) (1024K)]
  0x00000204f5001f90 WorkerThread "GC Thread#3"                     [id=21248, stack(0x000000861c500000,0x000000861c600000) (1024K)]
  0x00000204f5002340 WorkerThread "GC Thread#4"                     [id=20068, stack(0x000000861c600000,0x000000861c700000) (1024K)]
  0x00000204f52293a0 WorkerThread "GC Thread#5"                     [id=19724, stack(0x000000861c700000,0x000000861c800000) (1024K)]
  0x00000204f522c390 WorkerThread "GC Thread#6"                     [id=11576, stack(0x000000861c800000,0x000000861c900000) (1024K)]
  0x00000204f522caf0 WorkerThread "GC Thread#7"                     [id=10164, stack(0x000000861cc00000,0x000000861cd00000) (1024K)]
  0x00000204f522b880 WorkerThread "GC Thread#8"                     [id=5276, stack(0x000000861cd00000,0x000000861ce00000) (1024K)]
  0x00000204f5229750 WorkerThread "GC Thread#9"                     [id=17752, stack(0x000000861d000000,0x000000861d100000) (1024K)]
  0x00000204f5229b00 WorkerThread "GC Thread#10"                    [id=240, stack(0x000000861d100000,0x000000861d200000) (1024K)]
  0x00000204f5229eb0 WorkerThread "GC Thread#11"                    [id=24732, stack(0x000000861d200000,0x000000861d300000) (1024K)]
  0x00000204f522a9c0 WorkerThread "GC Thread#12"                    [id=22140, stack(0x000000861d300000,0x000000861d400000) (1024K)]
  0x000002049b090810 ConcurrentGCThread "G1 Main Marker"            [id=26296, stack(0x000000861aa00000,0x000000861ab00000) (1024K)]
  0x000002049b092120 WorkerThread "G1 Conc#0"                       [id=15744, stack(0x000000861ab00000,0x000000861ac00000) (1024K)]
  0x00000204f522bfe0 WorkerThread "G1 Conc#1"                       [id=15752, stack(0x000000861ce00000,0x000000861cf00000) (1024K)]
  0x00000204f5228ff0 WorkerThread "G1 Conc#2"                       [id=20724, stack(0x000000861cf00000,0x000000861d000000) (1024K)]
  0x00000204aee29ab0 ConcurrentGCThread "G1 Refine#0"               [id=17440, stack(0x000000861ac00000,0x000000861ad00000) (1024K)]
  0x00000204aee2b550 ConcurrentGCThread "G1 Service"                [id=8012, stack(0x000000861ad00000,0x000000861ae00000) (1024K)]
Total: 21

Threads with active compile tasks:
Total: 0

VM state: not at safepoint (normal execution)

VM Mutex/Monitor currently owned by a thread: None

Heap address: 0x0000000704800000, size: 4024 MB, Compressed Oops mode: Zero based, Oop shift amount: 3

CDS archive(s) mapped at: [0x00000204af000000-0x00000204afd40000-0x00000204afd40000), size 13893632, SharedBaseAddress: 0x00000204af000000, ArchiveRelocationMode: 1.
Compressed class space mapped at: 0x00000204b0000000-0x00000204f0000000, reserved size: 1073741824
UseCompressedClassPointers 1, UseCompactObjectHeaders 0
Narrow klass pointer bits 32, Max shift 3
Narrow klass base: 0x00000204af000000, Narrow klass shift: 0
Encoding Range: [0x00000204af000000 - 0x00000205af000000), (4294967296 bytes)
Klass Range:    [0x00000204af000000 - 0x00000204f0000000), (1090519040 bytes)
Klass ID Range:  [8 - 1090519033) (1090519025)

GC Precious Log:
 CardTable entry size: 512
 Card Set container configuration: InlinePtr #cards 4 size 8 Array Of Cards #cards 16 size 48 Howl #buckets 8 coarsen threshold 3686 Howl Bitmap #cards 512 size 80 coarsen threshold 460 Card regions per heap region 1 cards per card region 4096
 CPUs: 16 total, 16 available
 Memory: 16088M
 Large Page Support: Disabled
 NUMA Support: Disabled
 Compressed Oops: Enabled (Zero based)
 Heap Region Size: 2M
 Heap Min Capacity: 8M
 Heap Initial Capacity: 252M
 Heap Max Capacity: 4024M
 Pre-touch: Disabled
 Parallel Workers: 13
 Concurrent Workers: 3
 Concurrent Refinement Workers: 13
 Periodic GC: Disabled

Heap:
 garbage-first heap   total reserved 4120576K, committed 53248K, used 30730K [0x0000000704800000, 0x0000000800000000)
  region size 2048K, 10 young (20480K), 2 survivors (4096K)
 Metaspace       used 31986K, committed 32512K, reserved 1114112K
  class space    used 3384K, committed 3648K, reserved 1048576K

Heap Regions: E=young(eden), S=young(survivor), O=old, HS=humongous(starts), HC=humongous(continues), CS=collection set, F=free, TAMS=top-at-mark-start, PB=parsable bottom
|   0|0x0000000704800000, 0x0000000704804550, 0x0000000704a00000|  0%| O|Cm|TAMS 0x0000000704800000| PB 0x0000000704800000| Complete |  0
|   1|0x0000000704a00000, 0x0000000704c00000, 0x0000000704c00000|100%| O|  |TAMS 0x0000000704a00000| PB 0x0000000704a00000| Untracked |  0
|   2|0x0000000704c00000, 0x0000000704e00000, 0x0000000704e00000|100%| O|  |TAMS 0x0000000704c00000| PB 0x0000000704c00000| Untracked |  0
|   3|0x0000000704e00000, 0x0000000705000000, 0x0000000705000000|100%| O|  |TAMS 0x0000000704e00000| PB 0x0000000704e00000| Untracked |  0
|   4|0x0000000705000000, 0x0000000705200000, 0x0000000705200000|100%| O|  |TAMS 0x0000000705000000| PB 0x0000000705000000| Untracked |  0
|   5|0x0000000705200000, 0x0000000705400000, 0x0000000705400000|100%| O|  |TAMS 0x0000000705200000| PB 0x0000000705200000| Untracked |  0
|   6|0x0000000705400000, 0x00000007055fe328, 0x0000000705600000| 99%| O|  |TAMS 0x0000000705400000| PB 0x0000000705400000| Untracked |  0
|   7|0x0000000705600000, 0x0000000705600000, 0x0000000705800000|  0%| F|  |TAMS 0x0000000705600000| PB 0x0000000705600000| Untracked |  0
|   8|0x0000000705800000, 0x0000000705800000, 0x0000000705a00000|  0%| F|  |TAMS 0x0000000705800000| PB 0x0000000705800000| Untracked |  0
|   9|0x0000000705a00000, 0x0000000705a00000, 0x0000000705c00000|  0%| F|  |TAMS 0x0000000705a00000| PB 0x0000000705a00000| Untracked |  0
|  10|0x0000000705c00000, 0x0000000705c00000, 0x0000000705e00000|  0%| F|  |TAMS 0x0000000705c00000| PB 0x0000000705c00000| Untracked |  0
|  11|0x0000000705e00000, 0x0000000706000000, 0x0000000706000000|100%| S|CS|TAMS 0x0000000705e00000| PB 0x0000000705e00000| Complete |  0
|  12|0x0000000706000000, 0x0000000706200000, 0x0000000706200000|100%| S|CS|TAMS 0x0000000706000000| PB 0x0000000706000000| Complete |  0
|  13|0x0000000706200000, 0x0000000706200000, 0x0000000706400000|  0%| F|  |TAMS 0x0000000706200000| PB 0x0000000706200000| Untracked |  0
|  14|0x0000000706400000, 0x0000000706400000, 0x0000000706600000|  0%| F|  |TAMS 0x0000000706400000| PB 0x0000000706400000| Untracked |  0
|  15|0x0000000706600000, 0x0000000706600000, 0x0000000706800000|  0%| F|  |TAMS 0x0000000706600000| PB 0x0000000706600000| Untracked |  0
|  16|0x0000000706800000, 0x0000000706800000, 0x0000000706a00000|  0%| F|  |TAMS 0x0000000706800000| PB 0x0000000706800000| Untracked |  0
|  17|0x0000000706a00000, 0x0000000706a00000, 0x0000000706c00000|  0%| F|  |TAMS 0x0000000706a00000| PB 0x0000000706a00000| Untracked |  0
|  18|0x0000000706c00000, 0x0000000706da28a0, 0x0000000706e00000| 81%| E|  |TAMS 0x0000000706c00000| PB 0x0000000706c00000| Complete |  0
|  19|0x0000000706e00000, 0x0000000707000000, 0x0000000707000000|100%| E|CS|TAMS 0x0000000706e00000| PB 0x0000000706e00000| Complete |  0
| 108|0x0000000712000000, 0x0000000712200000, 0x0000000712200000|100%| E|CS|TAMS 0x0000000712000000| PB 0x0000000712000000| Complete |  0
| 109|0x0000000712200000, 0x0000000712400000, 0x0000000712400000|100%| E|CS|TAMS 0x0000000712200000| PB 0x0000000712200000| Complete |  0
| 110|0x0000000712400000, 0x0000000712600000, 0x0000000712600000|100%| E|CS|TAMS 0x0000000712400000| PB 0x0000000712400000| Complete |  0
| 111|0x0000000712600000, 0x0000000712800000, 0x0000000712800000|100%| E|CS|TAMS 0x0000000712600000| PB 0x0000000712600000| Complete |  0
| 125|0x0000000714200000, 0x0000000714400000, 0x0000000714400000|100%| E|CS|TAMS 0x0000000714200000| PB 0x0000000714200000| Complete |  0
|2011|0x00000007ffe00000, 0x0000000800000000, 0x0000000800000000|100%| E|CS|TAMS 0x00000007ffe00000| PB 0x00000007ffe00000| Complete |  0

Card table byte_map: [0x00000204a7920000,0x00000204a8100000] _byte_map_base: 0x00000204a40fc000

Marking Bits: (CMBitMap*) 0x000002049b07c470
 Bits: [0x00000204a8100000, 0x00000204abfe0000)

Polling page: 0x000002049a760000

Metaspace:

Usage:
  Non-class:     27.93 MB used.
      Class:      3.31 MB used.
       Both:     31.24 MB used.

Virtual space:
  Non-class space:       64.00 MB reserved,      28.19 MB ( 44%) committed,  1 nodes.
      Class space:        1.00 GB reserved,       3.56 MB ( <1%) committed,  1 nodes.
             Both:        1.06 GB reserved,      31.75 MB (  3%) committed. 

Chunk freelists:
   Non-Class:  3.00 MB
       Class:  12.44 MB
        Both:  15.44 MB

MaxMetaspaceSize: unlimited
CompressedClassSpaceSize: 1.00 GB
Initial GC threshold: 21.00 MB
Current GC threshold: 42.31 MB
CDS: on
 - commit_granule_bytes: 65536.
 - commit_granule_words: 8192.
 - virtual_space_node_default_size: 8388608.
 - enlarge_chunks_in_place: 1.
UseCompressedClassPointers 1, UseCompactObjectHeaders 0
Narrow klass pointer bits 32, Max shift 3
Narrow klass base: 0x00000204af000000, Narrow klass shift: 0
Encoding Range: [0x00000204af000000 - 0x00000205af000000), (4294967296 bytes)
Klass Range:    [0x00000204af000000 - 0x00000204f0000000), (1090519040 bytes)
Klass ID Range:  [8 - 1090519033) (1090519025)


Internal statistics:

num_allocs_failed_limit: 6.
num_arena_births: 502.
num_arena_deaths: 0.
num_vsnodes_births: 2.
num_vsnodes_deaths: 0.
num_space_committed: 508.
num_space_uncommitted: 0.
num_chunks_returned_to_freelist: 6.
num_chunks_taken_from_freelist: 1389.
num_chunk_merges: 0.
num_chunk_splits: 936.
num_chunks_enlarged: 701.
num_inconsistent_stats: 0.

CodeCache: size=49152Kb used=9250Kb max_used=10183Kb free=39901Kb
 bounds [0x00000204a38b0000, 0x00000204a42b0000, 0x00000204a68b0000]
 total_blobs=5872, nmethods=5224, adapters=570, full_count=0
Compilation: enabled, stopped_count=0, restarted_count=0

Compilation events (20 events):
Event: 120.434 Thread 0x00000204aefabc40 5264       1       jdk.jfr.internal.EventControl::getNamedControls (5 bytes)
Event: 120.434 Thread 0x00000204f4ad0090 5266   !   1       jdk.jfr.internal.Control::setValue (102 bytes)
Event: 120.434 Thread 0x00000204f4c0c860 5265       1       jdk.jfr.internal.PlatformEventType::isEnabled (5 bytes)
Event: 120.434 Thread 0x00000204f6007070 5267       1       jdk.jfr.internal.SettingsManager$InternalSetting::getValues (35 bytes)
Event: 120.434 Thread 0x00000204aefabc40 nmethod 5264 0x00000204a4087408 code [0x00000204a4087500, 0x00000204a40875c8]
Event: 120.434 Thread 0x00000204f4c0c860 nmethod 5265 0x00000204a4087108 code [0x00000204a4087200, 0x00000204a40872c8]
Event: 120.434 Thread 0x00000204f6007070 nmethod 5267 0x00000204a4086d88 code [0x00000204a4086ec0, 0x00000204a40870c8]
Event: 120.434 Thread 0x00000204aefabc40 5268       1       jdk.jfr.internal.Control::apply (10 bytes)
Event: 120.434 Thread 0x00000204f4c0c860 5269       1       jdk.jfr.internal.Control::findCombine (121 bytes)
Event: 120.434 Thread 0x00000204aefabc40 nmethod 5268 0x00000204a4086a88 code [0x00000204a4086ba0, 0x00000204a4086cb0]
Event: 120.434 Thread 0x00000204f4ad0090 nmethod 5266 0x00000204a4086188 code [0x00000204a4086380, 0x00000204a4086a10]
Event: 120.434 Thread 0x00000204f4c0c860 nmethod 5269 0x00000204a4085808 code [0x00000204a40859c0, 0x00000204a4086170]
Event: 120.436 Thread 0x00000204f4c0c860 5270       1       jdk.jfr.internal.periodic.EventTask::getEventType (5 bytes)
Event: 120.436 Thread 0x00000204f4c0c860 nmethod 5270 0x00000204a4085508 code [0x00000204a4085600, 0x00000204a40856c8]
Event: 120.436 Thread 0x00000204aefabc40 5271       1       jdk.jfr.internal.periodic.PeriodicTask::getPeriod (5 bytes)
Event: 120.436 Thread 0x00000204aefabc40 nmethod 5271 0x00000204a4085208 code [0x00000204a4085300, 0x00000204a40853c8]
Event: 120.436 Thread 0x00000204f4c0c860 5272       1       java.util.Comparator$$Lambda/0x00000204b03508a8::compare (10 bytes)
Event: 120.436 Thread 0x00000204aefabc40 5273       1       java.util.Comparator::lambda$comparingLong$6043328a$1 (18 bytes)
Event: 120.436 Thread 0x00000204f4c0c860 nmethod 5272 0x00000204a4084e88 code [0x00000204a4084fc0, 0x00000204a40851a8]
Event: 120.436 Thread 0x00000204aefabc40 nmethod 5273 0x00000204a4084b88 code [0x00000204a4084cc0, 0x00000204a4084e60]

GC Heap History (12 events):
Event: 0.663 GC heap before
{Heap before GC invocations=0 (full 0):
 garbage-first heap   total reserved 4120576K, committed 260096K, used 50288K [0x0000000704800000, 0x0000000800000000)
  region size 2048K, 24 young (49152K), 0 survivors (0K)
 Metaspace       used 11132K, committed 11456K, reserved 1114112K
  class space    used 1266K, committed 1408K, reserved 1048576K
}
Event: 0.666 GC heap after
{Heap after GC invocations=1 (full 0):
 garbage-first heap   total reserved 4120576K, committed 260096K, used 7297K [0x0000000704800000, 0x0000000800000000)
  region size 2048K, 3 young (6144K), 3 survivors (6144K)
 Metaspace       used 11132K, committed 11456K, reserved 1114112K
  class space    used 1266K, committed 1408K, reserved 1048576K
}
Event: 0.943 GC heap before
{Heap before GC invocations=1 (full 0):
 garbage-first heap   total reserved 4120576K, committed 260096K, used 33921K [0x0000000704800000, 0x0000000800000000)
  region size 2048K, 17 young (34816K), 3 survivors (6144K)
 Metaspace       used 14962K, committed 15360K, reserved 1114112K
  class space    used 1736K, committed 1920K, reserved 1048576K
}
Event: 0.946 GC heap after
{Heap after GC invocations=2 (full 0):
 garbage-first heap   total reserved 4120576K, committed 260096K, used 9028K [0x0000000704800000, 0x0000000800000000)
  region size 2048K, 4 young (8192K), 4 survivors (8192K)
 Metaspace       used 14962K, committed 15360K, reserved 1114112K
  class space    used 1736K, committed 1920K, reserved 1048576K
}
Event: 1.138 GC heap before
{Heap before GC invocations=3 (full 0):
 garbage-first heap   total reserved 4120576K, committed 40960K, used 37700K [0x0000000704800000, 0x0000000800000000)
  region size 2048K, 18 young (36864K), 4 survivors (8192K)
 Metaspace       used 21614K, committed 21952K, reserved 1114112K
  class space    used 2225K, committed 2368K, reserved 1048576K
}
Event: 1.143 GC heap after
{Heap after GC invocations=4 (full 0):
 garbage-first heap   total reserved 4120576K, committed 53248K, used 11791K [0x0000000704800000, 0x0000000800000000)
  region size 2048K, 6 young (12288K), 6 survivors (12288K)
 Metaspace       used 21614K, committed 21952K, reserved 1114112K
  class space    used 2225K, committed 2368K, reserved 1048576K
}
Event: 1.274 GC heap before
{Heap before GC invocations=4 (full 0):
 garbage-first heap   total reserved 4120576K, committed 53248K, used 30223K [0x0000000704800000, 0x0000000800000000)
  region size 2048K, 15 young (30720K), 6 survivors (12288K)
 Metaspace       used 24752K, committed 25088K, reserved 1114112K
  class space    used 2574K, committed 2688K, reserved 1048576K
}
Event: 1.282 GC heap after
{Heap after GC invocations=5 (full 0):
 garbage-first heap   total reserved 4120576K, committed 53248K, used 13258K [0x0000000704800000, 0x0000000800000000)
  region size 2048K, 1 young (2048K), 1 survivors (2048K)
 Metaspace       used 24752K, committed 25088K, reserved 1114112K
  class space    used 2574K, committed 2688K, reserved 1048576K
}
Event: 1.434 GC heap before
{Heap before GC invocations=5 (full 0):
 garbage-first heap   total reserved 4120576K, committed 53248K, used 13258K [0x0000000704800000, 0x0000000800000000)
  region size 2048K, 2 young (4096K), 1 survivors (2048K)
 Metaspace       used 25195K, committed 25600K, reserved 1114112K
  class space    used 2606K, committed 2816K, reserved 1048576K
}
Event: 1.437 GC heap after
{Heap after GC invocations=6 (full 0):
 garbage-first heap   total reserved 4120576K, committed 53248K, used 12746K [0x0000000704800000, 0x0000000800000000)
  region size 2048K, 1 young (2048K), 1 survivors (2048K)
 Metaspace       used 25195K, committed 25600K, reserved 1114112K
  class space    used 2606K, committed 2816K, reserved 1048576K
}
Event: 4.802 GC heap before
{Heap before GC invocations=7 (full 0):
 garbage-first heap   total reserved 4120576K, committed 53248K, used 35274K [0x0000000704800000, 0x0000000800000000)
  region size 2048K, 13 young (26624K), 1 survivors (2048K)
 Metaspace       used 30959K, committed 31424K, reserved 1114112K
  class space    used 3250K, committed 3456K, reserved 1048576K
}
Event: 4.808 GC heap after
{Heap after GC invocations=8 (full 0):
 garbage-first heap   total reserved 4120576K, committed 53248K, used 16394K [0x0000000704800000, 0x0000000800000000)
  region size 2048K, 2 young (4096K), 2 survivors (4096K)
 Metaspace       used 30959K, committed 31424K, reserved 1114112K
  class space    used 3250K, committed 3456K, reserved 1048576K
}

Dll operation events (12 events):
Event: 0.006 Loaded shared library C:\Users\Kolya\.jdks\openjdk-24.0.1\bin\java.dll
Event: 0.055 Loaded shared library C:\Users\Kolya\.jdks\openjdk-24.0.1\bin\zip.dll
Event: 0.056 Loaded shared library C:\Users\Kolya\.jdks\openjdk-24.0.1\bin\instrument.dll
Event: 0.059 Loaded shared library C:\Users\Kolya\.jdks\openjdk-24.0.1\bin\net.dll
Event: 0.061 Loaded shared library C:\Users\Kolya\.jdks\openjdk-24.0.1\bin\nio.dll
Event: 0.063 Loaded shared library C:\Users\Kolya\.jdks\openjdk-24.0.1\bin\zip.dll
Event: 0.098 Loaded shared library C:\Users\Kolya\.jdks\openjdk-24.0.1\bin\jimage.dll
Event: 0.117 Loaded shared library C:\Users\Kolya\.jdks\openjdk-24.0.1\bin\extnet.dll
Event: 0.131 Loaded shared library C:\Users\Kolya\.jdks\openjdk-24.0.1\bin\management.dll
Event: 0.141 Loaded shared library C:\Users\Kolya\.jdks\openjdk-24.0.1\bin\management_ext.dll
Event: 1.035 Loaded shared library C:\Users\Kolya\.jdks\openjdk-24.0.1\bin\sunmscapi.dll
Event: 120.361 Loaded shared library C:\Users\Kolya\AppData\Local\Temp\idea_libasyncProfiler_dll_temp_folder\libasyncProfiler.dll

Deoptimization events (2 events):
Event: 1.074 Thread 0x00000204f4e95f30 DEOPT PACKING pc=0x00000204a3e7a2bc sp=0x000000861c2f95c0
Event: 1.074 Thread 0x00000204f4e95f30 DEOPT UNPACKING pc=0x00000204a3905722 sp=0x000000861c2f8a88 mode 0

Classes loaded (20 events):
Event: 120.422 Loading class jdk/jfr/internal/MetadataWriter
Event: 120.423 Loading class jdk/jfr/internal/MetadataWriter done
Event: 120.423 Loading class jdk/jfr/internal/MetadataDescriptor$Element
Event: 120.423 Loading class jdk/jfr/internal/MetadataDescriptor$Element done
Event: 120.423 Loading class jdk/jfr/internal/MetadataDescriptor$Attribute
Event: 120.423 Loading class jdk/jfr/internal/MetadataDescriptor$Attribute done
Event: 120.425 Loading class jdk/jfr/internal/consumer/StringParser$Encoding
Event: 120.426 Loading class jdk/jfr/internal/consumer/StringParser$Encoding done
Event: 120.431 Loading class jdk/jfr/internal/consumer/RepositoryFiles
Event: 120.431 Loading class jdk/jfr/internal/consumer/RepositoryFiles done
Event: 120.433 Loading class jdk/jfr/internal/SettingsManager$InternalSetting
Event: 120.433 Loading class jdk/jfr/internal/SettingsManager$InternalSetting done
Event: 120.433 Loading class jdk/jfr/internal/util/Rate
Event: 120.433 Loading class jdk/jfr/internal/util/Rate done
Event: 120.433 Loading class jdk/jfr/internal/util/TimespanUnit
Event: 120.433 Loading class jdk/jfr/internal/util/TimespanUnit done
Event: 120.433 Loading class jdk/jfr/internal/util/ValueParser
Event: 120.433 Loading class jdk/jfr/internal/util/ValueParser done
Event: 120.434 Loading class jdk/jfr/internal/periodic/PeriodicType
Event: 120.434 Loading class jdk/jfr/internal/periodic/PeriodicType done

Classes unloaded (0 events):
No events

Classes redefined (0 events):
No events

Internal exceptions (20 events):
Event: 1.013 Thread 0x00000204f4e95f30 Exception <a 'java/lang/NoSuchMethodError'{0x0000000705af8ad8}: 'java.lang.Object java.lang.invoke.DirectMethodHandle$Holder.invokeStatic(java.lang.Object, java.lang.Object, int, java.lang.Object)'> (0x0000000705af8ad8) 
thrown [s\open\src\hotspot\share\interpreter\linkResolver.cpp, line 805]
Event: 1.013 Thread 0x00000204f4e95f30 Exception <a 'java/lang/NoSuchMethodError'{0x0000000705b082d0}: 'java.lang.Object java.lang.invoke.DirectMethodHandle$Holder.newInvokeSpecial(java.lang.Object, java.lang.Object, int)'> (0x0000000705b082d0) 
thrown [s\open\src\hotspot\share\interpreter\linkResolver.cpp, line 805]
Event: 1.072 Thread 0x00000204f4e95f30 Exception <a 'sun/nio/fs/WindowsException'{0x00000007050a3b20}> (0x00000007050a3b20) 
thrown [s\open\src\hotspot\share\prims\jni.cpp, line 518]
Event: 1.181 Thread 0x00000204f4e95f30 Exception <a 'java/lang/NoSuchMethodError'{0x00000007124ae440}: 'java.lang.Object java.lang.invoke.DirectMethodHandle$Holder.invokeVirtual(java.lang.Object, java.lang.Object, java.lang.Object, java.lang.Object)'> (0x00000007124ae440) 
thrown [s\open\src\hotspot\share\interpreter\linkResolver.cpp, line 805]
Event: 1.230 Thread 0x00000204f4e95f30 Exception <a 'java/lang/NoSuchMethodError'{0x00000007121f6448}: 'void java.lang.invoke.Invokers$Holder.invokeExact_MT(java.lang.Object, java.lang.Object, java.lang.Object, java.lang.Object)'> (0x00000007121f6448) 
thrown [s\open\src\hotspot\share\interpreter\linkResolver.cpp, line 805]
Event: 1.818 Thread 0x00000204f4e93aa0 Exception <a 'java/lang/NoSuchMethodError'{0x00000007126a5f68}: 'java.lang.Object java.lang.invoke.Invokers$Holder.invoke_MT(java.lang.Object, java.lang.Object, java.lang.Object, java.lang.Object, java.lang.Object, java.lang.Object)'> (0x00000007126a5f68) 
thrown [s\open\src\hotspot\share\interpreter\linkResolver.cpp, line 805]
Event: 1.819 Thread 0x00000204f4e93aa0 Exception <a 'java/lang/NoSuchMethodError'{0x00000007126aec38}: 'java.lang.Object java.lang.invoke.DirectMethodHandle$Holder.invokeStatic(java.lang.Object, java.lang.Object, int)'> (0x00000007126aec38) 
thrown [s\open\src\hotspot\share\interpreter\linkResolver.cpp, line 805]
Event: 1.820 Thread 0x00000204f4e93aa0 Exception <a 'java/lang/NoSuchMethodError'{0x000000071279fb00}: 'void java.lang.invoke.DelegatingMethodHandle$Holder.delegate(java.lang.Object, java.lang.Object, int, java.lang.Object)'> (0x000000071279fb00) 
thrown [s\open\src\hotspot\share\interpreter\linkResolver.cpp, line 805]
Event: 1.858 Thread 0x00000204f4e95f30 Exception <a 'java/lang/NoSuchMethodError'{0x0000000712035f00}: 'int java.lang.invoke.DirectMethodHandle$Holder.invokeInterface(java.lang.Object, java.lang.Object, java.lang.Object, java.lang.Object)'> (0x0000000712035f00) 
thrown [s\open\src\hotspot\share\interpreter\linkResolver.cpp, line 805]
Event: 1.860 Thread 0x00000204f4e95f30 Exception <a 'java/lang/NoSuchMethodError'{0x00000007120af378}: 'java.lang.Object java.lang.invoke.DirectMethodHandle$Holder.newInvokeSpecial(java.lang.Object, java.lang.Object, int, java.lang.Object, java.lang.Object)'> (0x00000007120af378) 
thrown [s\open\src\hotspot\share\interpreter\linkResolver.cpp, line 805]
Event: 1.861 Thread 0x00000204f4e95f30 Exception <a 'java/lang/NoSuchMethodError'{0x00000007120e9170}: 'java.lang.Object java.lang.invoke.DirectMethodHandle$Holder.newInvokeSpecial(java.lang.Object, java.lang.Object, java.lang.Object, int)'> (0x00000007120e9170) 
thrown [s\open\src\hotspot\share\interpreter\linkResolver.cpp, line 805]
Event: 1.861 Thread 0x00000204f4e95f30 Exception <a 'java/lang/NoSuchMethodError'{0x00000007120f13c0}: 'java.lang.Object java.lang.invoke.Invokers$Holder.linkToTargetMethod(java.lang.Object, java.lang.Object, int, java.lang.Object)'> (0x00000007120f13c0) 
thrown [s\open\src\hotspot\share\interpreter\linkResolver.cpp, line 805]
Event: 2.277 Thread 0x00000204f5b626b0 Exception <a 'java/lang/NoSuchMethodError'{0x0000000706e7a9b0}: 'java.lang.Object java.lang.invoke.DirectMethodHandle$Holder.invokeInterface(java.lang.Object, java.lang.Object, java.lang.Object, java.lang.Object, java.lang.Object, java.lang.Object, java.lang.Object)'> (0x0000000706e7a9b0) 
thrown [s\open\src\hotspot\share\interpreter\linkResolver.cpp, line 805]
Event: 2.279 Thread 0x00000204f5b626b0 Exception <a 'java/lang/NoSuchMethodError'{0x0000000706ee6aa8}: 'java.lang.Object java.lang.invoke.DirectMethodHandle$Holder.invokeStatic(java.lang.Object, java.lang.Object, java.lang.Object, java.lang.Object, java.lang.Object, java.lang.Object, java.lang.Object, java.lang.Object, java.lang.Object, java.lang.Object)'> (0x0000000706ee6aa8) 
thrown [s\open\src\hotspot\share\interpreter\linkResolver.cpp, line 805]
Event: 4.438 Thread 0x00000204f5b61f60 Exception <a 'java/lang/NoSuchMethodError'{0x00000007062b4538}: 'void java.lang.invoke.DirectMethodHandle$Holder.invokeSpecialIFC(java.lang.Object, java.lang.Object, java.lang.Object)'> (0x00000007062b4538) 
thrown [s\open\src\hotspot\share\interpreter\linkResolver.cpp, line 805]
Event: 120.416 Thread 0x00000204aef9c9d0 Exception <a 'java/lang/NoSuchMethodError'{0x00000007121c4680}: 'void java.lang.invoke.DirectMethodHandle$Holder.invokeSpecial(java.lang.Object, java.lang.Object, int)'> (0x00000007121c4680) 
thrown [s\open\src\hotspot\share\interpreter\linkResolver.cpp, line 805]
Event: 120.416 Thread 0x00000204aef9c9d0 Exception <a 'java/lang/NoSuchMethodError'{0x00000007121cc2a0}: 'void java.lang.invoke.Invokers$Holder.invokeExact_MT(java.lang.Object, int, java.lang.Object)'> (0x00000007121cc2a0) 
thrown [s\open\src\hotspot\share\interpreter\linkResolver.cpp, line 805]
Event: 120.419 Thread 0x00000204aef9c9d0 Exception <a 'sun/nio/fs/WindowsException'{0x0000000706e2a030}> (0x0000000706e2a030) 
thrown [s\open\src\hotspot\share\prims\jni.cpp, line 518]
Event: 120.420 Thread 0x00000204aef9c9d0 Exception <a 'sun/nio/fs/WindowsException'{0x0000000706e32e78}> (0x0000000706e32e78) 
thrown [s\open\src\hotspot\share\prims\jni.cpp, line 518]
Event: 120.421 Thread 0x00000204aef9c9d0 Exception <a 'sun/nio/fs/WindowsException'{0x0000000706e48b88}> (0x0000000706e48b88) 
thrown [s\open\src\hotspot\share\prims\jni.cpp, line 518]

VM Operations (20 events):
Event: 1.442 Executing VM operation: G1PauseRemark
Event: 1.444 Executing VM operation: G1PauseRemark done
Event: 1.446 Executing VM operation: G1PauseCleanup
Event: 1.446 Executing VM operation: G1PauseCleanup done
Event: 1.453 Executing VM operation: HandshakeAllThreads (Deoptimize)
Event: 1.453 Executing VM operation: HandshakeAllThreads (Deoptimize) done
Event: 4.802 Executing VM operation: G1CollectForAllocation (G1 Evacuation Pause)
Event: 4.808 Executing VM operation: G1CollectForAllocation (G1 Evacuation Pause) done
Event: 60.102 Executing VM operation: HandshakeAllThreads (HandshakeForDeflation)
Event: 60.102 Executing VM operation: HandshakeAllThreads (HandshakeForDeflation) done
Event: 60.102 Executing VM operation: RendezvousGCThreads
Event: 60.102 Executing VM operation: RendezvousGCThreads done
Event: 120.208 Executing VM operation: HandshakeAllThreads (HandshakeForDeflation)
Event: 120.208 Executing VM operation: HandshakeAllThreads (HandshakeForDeflation) done
Event: 120.208 Executing VM operation: RendezvousGCThreads
Event: 120.208 Executing VM operation: RendezvousGCThreads done
Event: 120.418 Executing VM operation: HandshakeAllThreads (Deoptimize)
Event: 120.418 Executing VM operation: HandshakeAllThreads (Deoptimize) done
Event: 120.431 Executing VM operation: JFRSafepointClear
Event: 120.431 Executing VM operation: JFRSafepointClear done

Memory protections (0 events):
No events

Nmethod flushes (20 events):
Event: 1.443 Thread 0x00000204aef85bc0 flushing  nmethod 0x00000204a3cb7a88
Event: 1.443 Thread 0x00000204aef85bc0 flushing  nmethod 0x00000204a3cef508
Event: 1.443 Thread 0x00000204aef85bc0 flushing  nmethod 0x00000204a3d61f08
Event: 1.443 Thread 0x00000204aef85bc0 flushing  nmethod 0x00000204a3dda308
Event: 1.443 Thread 0x00000204aef85bc0 flushing  nmethod 0x00000204a3b7f308
Event: 1.443 Thread 0x00000204aef85bc0 flushing  nmethod 0x00000204a3bc9f88
Event: 1.443 Thread 0x00000204aef85bc0 flushing  nmethod 0x00000204a3c0c308
Event: 1.443 Thread 0x00000204aef85bc0 flushing  nmethod 0x00000204a3c40908
Event: 1.443 Thread 0x00000204aef85bc0 flushing  nmethod 0x00000204a3c4ea08
Event: 1.443 Thread 0x00000204aef85bc0 flushing  nmethod 0x00000204a3c77d08
Event: 1.443 Thread 0x00000204aef85bc0 flushing  nmethod 0x00000204a3cacd88
Event: 1.443 Thread 0x00000204aef85bc0 flushing  nmethod 0x00000204a3cae308
Event: 1.443 Thread 0x00000204aef85bc0 flushing  nmethod 0x00000204a3caf108
Event: 1.443 Thread 0x00000204aef85bc0 flushing  nmethod 0x00000204a3caf408
Event: 1.443 Thread 0x00000204aef85bc0 flushing  nmethod 0x00000204a3caf788
Event: 1.443 Thread 0x00000204aef85bc0 flushing  nmethod 0x00000204a3cafc08
Event: 1.443 Thread 0x00000204aef85bc0 flushing  nmethod 0x00000204a3d87008
Event: 1.443 Thread 0x00000204aef85bc0 flushing  nmethod 0x00000204a3dc5188
Event: 1.443 Thread 0x00000204aef85bc0 flushing  nmethod 0x00000204a3df8788
Event: 1.443 Thread 0x00000204aef85bc0 flushing  nmethod 0x00000204a3e24e08

Events (20 events):
Event: 40.684 Thread 0x00000204f43300e0 Thread exited: 0x00000204f43300e0
Event: 57.063 Thread 0x00000204aefabc40 Thread added: 0x00000204f43300e0
Event: 59.109 Thread 0x00000204f43300e0 Thread exited: 0x00000204f43300e0
Event: 64.212 Thread 0x00000204aefabc40 Thread added: 0x00000204f4026580
Event: 64.802 Thread 0x00000204f5b63550 Thread exited: 0x00000204f5b63550
Event: 64.802 Thread 0x00000204f5b610c0 Thread exited: 0x00000204f5b610c0
Event: 65.018 Thread 0x00000204f5b66880 Thread exited: 0x00000204f5b66880
Event: 66.270 Thread 0x00000204f4026580 Thread exited: 0x00000204f4026580
Event: 70.367 Thread 0x00000204aefabc40 Thread added: 0x00000204f4026530
Event: 70.367 Thread 0x00000204aefabc40 Thread added: 0x00000204f5cc68c0
Event: 70.367 Thread 0x00000204aefabc40 Thread added: 0x00000204f5cc7050
Event: 71.370 Thread 0x00000204f5cc7050 Thread exited: 0x00000204f5cc7050
Event: 74.461 Thread 0x00000204f5cc68c0 Thread exited: 0x00000204f5cc68c0
Event: 74.461 Thread 0x00000204f4026530 Thread exited: 0x00000204f4026530
Event: 90.344 Thread 0x00000204f4d94870 Thread exited: 0x00000204f4d94870
Event: 120.382 Thread 0x00000204aef9c9d0 Thread added: 0x00000204f5b610c0
Event: 120.393 Thread 0x00000204aefabc40 Thread added: 0x00000204f4ad0090
Event: 120.404 Thread 0x00000204f4ad0090 Thread added: 0x00000204f6007070
Event: 120.404 Thread 0x00000204aefabc40 Thread added: 0x00000204f4c0c860
Event: 120.417 Thread 0x00000204aef9c9d0 Thread added: 0x00000204f5b66880


Dynamic libraries:
0x00007ff77de20000 - 0x00007ff77de2e000 	C:\Users\Kolya\.jdks\openjdk-24.0.1\bin\java.exe
0x00007ffe8fce0000 - 0x00007ffe8ff45000 	C:\WINDOWS\SYSTEM32\ntdll.dll
0x00007ffe8f540000 - 0x00007ffe8f609000 	C:\WINDOWS\System32\KERNEL32.DLL
0x00007ffe8ce30000 - 0x00007ffe8d218000 	C:\WINDOWS\System32\KERNELBASE.dll
0x00007ffe8d4f0000 - 0x00007ffe8d63b000 	C:\WINDOWS\System32\ucrtbase.dll
0x00007ffe5f810000 - 0x00007ffe5f826000 	C:\Users\Kolya\.jdks\openjdk-24.0.1\bin\jli.dll
0x00007ffe3b0f0000 - 0x00007ffe3b10b000 	C:\Users\Kolya\.jdks\openjdk-24.0.1\bin\VCRUNTIME140.dll
0x00007ffe8e5f0000 - 0x00007ffe8e7ba000 	C:\WINDOWS\System32\USER32.dll
0x00007ffe8d790000 - 0x00007ffe8d7b7000 	C:\WINDOWS\System32\win32u.dll
0x00007ffe782d0000 - 0x00007ffe7856a000 	C:\WINDOWS\WinSxS\amd64_microsoft.windows.common-controls_6595b64144ccf1df_6.0.26100.4202_none_3e0698d4e335f517\COMCTL32.dll
0x00007ffe8f150000 - 0x00007ffe8f17b000 	C:\WINDOWS\System32\GDI32.dll
0x00007ffe8f2a0000 - 0x00007ffe8f349000 	C:\WINDOWS\System32\msvcrt.dll
0x00007ffe8d7c0000 - 0x00007ffe8d8f7000 	C:\WINDOWS\System32\gdi32full.dll
0x00007ffe8d220000 - 0x00007ffe8d2c3000 	C:\WINDOWS\System32\msvcp_win.dll
0x00007ffe8f260000 - 0x00007ffe8f290000 	C:\WINDOWS\System32\IMM32.DLL
0x00007ffe5f9c0000 - 0x00007ffe5f9cc000 	C:\Users\Kolya\.jdks\openjdk-24.0.1\bin\vcruntime140_1.dll
0x00007ffe202f0000 - 0x00007ffe2037e000 	C:\Users\Kolya\.jdks\openjdk-24.0.1\bin\msvcp140.dll
0x00007ffdd1dd0000 - 0x00007ffdd2b72000 	C:\Users\Kolya\.jdks\openjdk-24.0.1\bin\server\jvm.dll
0x00007ffe8ee30000 - 0x00007ffe8eee3000 	C:\WINDOWS\System32\ADVAPI32.dll
0x00007ffe8f1b0000 - 0x00007ffe8f256000 	C:\WINDOWS\System32\sechost.dll
0x00007ffe8e430000 - 0x00007ffe8e545000 	C:\WINDOWS\System32\RPCRT4.dll
0x00007ffe8e930000 - 0x00007ffe8e9a4000 	C:\WINDOWS\System32\WS2_32.dll
0x00007ffe7d660000 - 0x00007ffe7d66b000 	C:\WINDOWS\SYSTEM32\VERSION.dll
0x00007ffe84ac0000 - 0x00007ffe84af5000 	C:\WINDOWS\SYSTEM32\WINMM.dll
0x00007ffe8ba70000 - 0x00007ffe8bace000 	C:\WINDOWS\SYSTEM32\POWRPROF.dll
0x00007ffe8ba50000 - 0x00007ffe8ba64000 	C:\WINDOWS\SYSTEM32\UMPDC.dll
0x00007ffe8bd10000 - 0x00007ffe8bd2b000 	C:\WINDOWS\SYSTEM32\kernel.appcore.dll
0x00007ffe5f870000 - 0x00007ffe5f87a000 	C:\Users\Kolya\.jdks\openjdk-24.0.1\bin\jimage.dll
0x00007ffe8a020000 - 0x00007ffe8a261000 	C:\WINDOWS\SYSTEM32\DBGHELP.DLL
0x00007ffe8ea10000 - 0x00007ffe8ed95000 	C:\WINDOWS\System32\combase.dll
0x00007ffe8f350000 - 0x00007ffe8f431000 	C:\WINDOWS\System32\OLEAUT32.dll
0x00007ffe77bb0000 - 0x00007ffe77be9000 	C:\WINDOWS\SYSTEM32\dbgcore.DLL
0x00007ffe8d2d0000 - 0x00007ffe8d369000 	C:\WINDOWS\System32\bcryptPrimitives.dll
0x00007ffe7e550000 - 0x00007ffe7e55f000 	C:\Users\Kolya\.jdks\openjdk-24.0.1\bin\instrument.dll
0x00007ffe3af10000 - 0x00007ffe3af2e000 	C:\Users\Kolya\.jdks\openjdk-24.0.1\bin\java.dll
0x00007ffe8ef90000 - 0x00007ffe8f12e000 	C:\WINDOWS\System32\ole32.dll
0x00007ffe8dcd0000 - 0x00007ffe8e412000 	C:\WINDOWS\System32\SHELL32.dll
0x00007ffe8d900000 - 0x00007ffe8da74000 	C:\WINDOWS\System32\wintypes.dll
0x00007ffe8aaf0000 - 0x00007ffe8b348000 	C:\WINDOWS\SYSTEM32\windows.storage.dll
0x00007ffe8fba0000 - 0x00007ffe8fc91000 	C:\WINDOWS\System32\SHCORE.dll
0x00007ffe8dc60000 - 0x00007ffe8dcca000 	C:\WINDOWS\System32\shlwapi.dll
0x00007ffe8cd40000 - 0x00007ffe8cd6f000 	C:\WINDOWS\SYSTEM32\profapi.dll
0x00007ffe3a920000 - 0x00007ffe3a937000 	C:\Users\Kolya\.jdks\openjdk-24.0.1\bin\zip.dll
0x00007ffe5f730000 - 0x00007ffe5f740000 	C:\Users\Kolya\.jdks\openjdk-24.0.1\bin\net.dll
0x00007ffe8c280000 - 0x00007ffe8c2ea000 	C:\WINDOWS\system32\mswsock.dll
0x00007ffe3aef0000 - 0x00007ffe3af06000 	C:\Users\Kolya\.jdks\openjdk-24.0.1\bin\nio.dll
0x00007ffe8b740000 - 0x00007ffe8b867000 	C:\WINDOWS\SYSTEM32\DNSAPI.dll
0x00007ffe8b6b0000 - 0x00007ffe8b6e3000 	C:\WINDOWS\SYSTEM32\IPHLPAPI.DLL
0x00007ffe8e420000 - 0x00007ffe8e42a000 	C:\WINDOWS\System32\NSI.dll
0x00007ffe5f680000 - 0x00007ffe5f689000 	C:\Users\Kolya\.jdks\openjdk-24.0.1\bin\extnet.dll
0x00007ffe7d770000 - 0x00007ffe7d77b000 	C:\Windows\System32\rasadhlp.dll
0x00007ffe7ec90000 - 0x00007ffe7ed16000 	C:\WINDOWS\System32\fwpuclnt.dll
0x00007ffe7a800000 - 0x00007ffe7a80a000 	C:\Users\Kolya\.jdks\openjdk-24.0.1\bin\management.dll
0x00007ffe7a7f0000 - 0x00007ffe7a7fb000 	C:\Users\Kolya\.jdks\openjdk-24.0.1\bin\management_ext.dll
0x00007ffe8f140000 - 0x00007ffe8f148000 	C:\WINDOWS\System32\PSAPI.DLL
0x00007ffe8c530000 - 0x00007ffe8c54b000 	C:\WINDOWS\SYSTEM32\CRYPTSP.dll
0x00007ffe8bc70000 - 0x00007ffe8bcaa000 	C:\WINDOWS\system32\rsaenh.dll
0x00007ffe8c320000 - 0x00007ffe8c34b000 	C:\WINDOWS\SYSTEM32\USERENV.dll
0x00007ffe8cd10000 - 0x00007ffe8cd36000 	C:\WINDOWS\SYSTEM32\bcrypt.dll
0x00007ffe8c550000 - 0x00007ffe8c55c000 	C:\WINDOWS\SYSTEM32\CRYPTBASE.dll
0x00007ffe87500000 - 0x00007ffe87518000 	C:\WINDOWS\system32\napinsp.dll
0x00007ffe86c90000 - 0x00007ffe86ca2000 	C:\WINDOWS\System32\winrnr.dll
0x00007ffe5cdf0000 - 0x00007ffe5ce20000 	C:\WINDOWS\system32\nlansp_c.dll
0x00007ffe59960000 - 0x00007ffe59980000 	C:\WINDOWS\system32\wshbth.dll
0x00007ffe70e20000 - 0x00007ffe70e6e000 	C:\WINDOWS\SYSTEM32\pdh.dll
0x00007ffe89a90000 - 0x00007ffe89aa2000 	C:\WINDOWS\System32\perfproc.dll
0x00007ffe78090000 - 0x00007ffe780a1000 	C:\WINDOWS\System32\perfos.dll
0x00007ffe87740000 - 0x00007ffe87752000 	C:\WINDOWS\SYSTEM32\pfclient.dll
0x00007ffe5ce30000 - 0x00007ffe5ce3e000 	C:\Users\Kolya\.jdks\openjdk-24.0.1\bin\sunmscapi.dll
0x00007ffe8d370000 - 0x00007ffe8d4e7000 	C:\WINDOWS\System32\CRYPT32.dll
0x00007ffe8c750000 - 0x00007ffe8c780000 	C:\WINDOWS\SYSTEM32\ncrypt.dll
0x00007ffe8c700000 - 0x00007ffe8c73f000 	C:\WINDOWS\SYSTEM32\NTASN1.dll
0x00007ffe02d10000 - 0x00007ffe02f08000 	C:\Users\Kolya\AppData\Local\Temp\idea_libasyncProfiler_dll_temp_folder\libasyncProfiler.dll

JVMTI agents:
C:\Program Files\JetBrains\IntelliJ IDEA 2025.1.1.1\lib\idea_rt.jar path:C:\Users\Kolya\.jdks\openjdk-24.0.1\bin\instrument.dll, loaded, initialized, instrumentlib options:52936

dbghelp: loaded successfully - version: 4.0.5 - missing functions: none
symbol engine: initialized successfully - sym options: 0x614 - pdb path: .;C:\Users\Kolya\.jdks\openjdk-24.0.1\bin;C:\WINDOWS\SYSTEM32;C:\WINDOWS\WinSxS\amd64_microsoft.windows.common-controls_6595b64144ccf1df_6.0.26100.4202_none_3e0698d4e335f517;C:\Users\Kolya\.jdks\openjdk-24.0.1\bin\server;C:\Users\Kolya\AppData\Local\Temp\idea_libasyncProfiler_dll_temp_folder

VM Arguments:
jvm_args: -XX:TieredStopAtLevel=1 -Dspring.output.ansi.enabled=always -Dcom.sun.management.jmxremote -Dspring.jmx.enabled=true -Dspring.liveBeansView.mbeanDomain -Dspring.application.admin.enabled=true -Dmanagement.endpoints.jmx.exposure.include=* -javaagent:C:\Program Files\JetBrains\IntelliJ IDEA 2025.1.1.1\lib\idea_rt.jar=52936 -Dfile.encoding=UTF-8 -Dsun.stdout.encoding=UTF-8 -Dsun.stderr.encoding=UTF-8 
java_command: stankin.glazkov.stockpricechecker.StockPriceCheckerApplication
java_class_path (initial): C:\Users\Kolya\IdeaProjects\StockPriceChecker\target\classes;C:\Users\Kolya\.m2\repository\org\telegram\telegrambots-client\8.3.0\telegrambots-client-8.3.0.jar;C:\Users\Kolya\.m2\repository\org\telegram\telegrambots-meta\8.3.0\telegrambots-meta-8.3.0.jar;C:\Users\Kolya\.m2\repository\com\fasterxml\jackson\core\jackson-databind\2.19.2\jackson-databind-2.19.2.jar;C:\Users\Kolya\.m2\repository\com\fasterxml\jackson\core\jackson-annotations\2.19.2\jackson-annotations-2.19.2.jar;C:\Users\Kolya\.m2\repository\com\fasterxml\jackson\core\jackson-core\2.19.2\jackson-core-2.19.2.jar;C:\Users\Kolya\.m2\repository\org\apache\commons\commons-lang3\3.17.0\commons-lang3-3.17.0.jar;C:\Users\Kolya\.m2\repository\com\fasterxml\jackson\datatype\jackson-datatype-jsr310\2.19.2\jackson-datatype-jsr310-2.19.2.jar;C:\Users\Kolya\.m2\repository\org\checkerframework\checker-qual\3.41.0\checker-qual-3.41.0.jar;C:\Users\Kolya\.m2\repository\com\squareup\okhttp3\okhttp\4.12.0\okhttp-4.12.0.jar;C:\Users\Kolya\.m2\repository\com\squareup\okio\okio\3.6.0\okio-3.6.0.jar;C:\Users\Kolya\.m2\repository\com\squareup\okio\okio-jvm\3.6.0\okio-jvm-3.6.0.jar;C:\Users\Kolya\.m2\repository\org\jetbrains\kotlin\kotlin-stdlib-common\1.9.25\kotlin-stdlib-common-1.9.25.jar;C:\Users\Kolya\.m2\repository\org\jetbrains\kotlin\kotlin-stdlib-jdk8\1.9.25\kotlin-stdlib-jdk8-1.9.25.jar;C:\Users\Kolya\.m2\repository\org\jetbrains\kotlin\kotlin-stdlib\1.9.25\kotlin-stdlib-1.9.25.jar;C:\Users\Kolya\.m2\repository\org\jetbrains\annotations\13.0\annotations-13.0.jar;C:\Users\Kolya\.m2\repository\org\jetbrains\kotlin\kotlin-stdlib-jdk7\1.9.25\kotlin-stdlib-jdk7-1.9.25.jar;C:\Users\Kolya\.m2\repository\commons-io\commons-io\2.16.1\commons-io-2.16.1.jar;C:\Users\Kolya\.m2\repository\org\slf4j\slf4j-api\2.0.17\slf4j-api-2.0.17.jar;C:\Users\Kolya\.m2\repository\org\telegram\telegrambots-springboot-longpolling-starter\8.3.0\telegrambots-springboot-longpolling-starter-8.3.0.jar;C:\Users\Kolya\.m2\repository\org\telegram\telegrambots-longpolling\8.3.0\telegrambots-longpolling-8.3.0.jar;C:\Users\Kolya\.m2\repository\org\springframework\boot\spring-boot\3.5.6\spring-boot-3.5.6.jar;C:\Users\Kolya\.m2\repository\org\springframework\spring-context\6.2.11\spring-context-6.2.11.jar;C:\Users\Kolya\.m2\repository\org\springframework\spring-aop\6.2.11\spring-aop-6.2.11.jar;C:\Users\Kolya\.m2\repository\org\springframework\spring-beans\6.2.11\spring-beans-6.2.11.jar;C:\Users\Kolya\.m2\repository\org\springframework\spring-expression\6.2.11\spring-expression-6.2.11.jar;C:\Users\Kolya\.m2\repository\io\micrometer\micrometer-observation\1.15.4\micrometer-observation-1.15.4.jar;C:\Users\Kolya\.m2\repository\io\micrometer\micrometer-commons\1.15.4\micrometer-commons-1.15.4.jar;C:\Users\Kolya\.m2\repository\org\springframework\boot\spring-boot-autoconfigure\3.5.6\spring-boot-autoconfigure-3.5.6.jar;C:\Users\Kolya\.m2\repository\org\springframework\boot\spring-boot-devtools\3.5.6\spring-boot-devtools-3.5.6.jar;C:\Users\Kolya\.m2\repository\org\springframework\spring-core\6.2.11\spring-core-6.2.11.jar;C:\Users\Kolya\.m2\repository\org\springframework\spring-jcl\6.2.11\spring-jcl-6.2.11.jar
Launcher Type: SUN_STANDARD

[Global flags]
     intx CICompilerCount                          = 12                                        {product} {ergonomic}
     uint ConcGCThreads                            = 3                                         {product} {ergonomic}
     bool FlightRecorder                           = true                                      {product} {management}
     uint G1ConcRefinementThreads                  = 13                                        {product} {ergonomic}
   size_t G1HeapRegionSize                         = 2097152                                   {product} {ergonomic}
   size_t InitialHeapSize                          = 264241152                                 {product} {ergonomic}
     bool ManagementServer                         = true                                      {product} {command line}
   size_t MarkStackSize                            = 4194304                                   {product} {ergonomic}
   size_t MarkStackSizeMax                         = 536870912                                 {product} {ergonomic}
   size_t MaxHeapSize                              = 4219469824                                {product} {ergonomic}
   size_t MaxNewSize                               = 2531262464                                {product} {ergonomic}
   size_t MinHeapDeltaBytes                        = 2097152                                   {product} {ergonomic}
   size_t MinHeapSize                              = 8388608                                   {product} {ergonomic}
    uintx NonNMethodCodeHeapSize                   = 4096                                   {pd product} {ergonomic}
    uintx NonProfiledCodeHeapSize                  = 0                                      {pd product} {ergonomic}
     bool ProfileInterpreter                       = false                                  {pd product} {command line}
    uintx ProfiledCodeHeapSize                     = 0                                      {pd product} {ergonomic}
   size_t SoftMaxHeapSize                          = 4219469824                             {manageable} {ergonomic}
     intx TieredStopAtLevel                        = 1                                         {product} {command line}
     bool UseCompressedOops                        = true                           {product lp64_product} {ergonomic}
     bool UseG1GC                                  = true                                      {product} {ergonomic}
     bool UseLargePagesIndividualAllocation        = false                                  {pd product} {ergonomic}

Logging:
Log output configuration:
 #0: stdout all=warning uptime,level,tags foldmultilines=false
 #1: stderr all=off uptime,level,tags foldmultilines=false

Environment Variables:
PATH=C:\Program Files (x86)\Common Files\Oracle\Java\javapath;C:\Windows\system32;C:\Windows;C:\Windows\System32\Wbem;C:\Windows\System32\WindowsPowerShell\v1.0\;C:\Windows\System32\OpenSSH\;C:\WINDOWS\system32;C:\WINDOWS;C:\WINDOWS\System32\Wbem;C:\WINDOWS\System32\WindowsPowerShell\v1.0\;C:\WINDOWS\System32\OpenSSH\;C:\Program Files (x86)\NVIDIA Corporation\PhysX\Common;C:\Program Files\dotnet\;C:\Program Files\NVIDIA Corporation\NVIDIA App\NvDLISR;C:\Program Files\Git\cmd;C:\Program Files (x86)\Windows Kits\10\Windows Performance Toolkit\;C:\Users\Kolya\AppData\Local\Programs\Python\Python313\Scripts\;C:\Users\Kolya\AppData\Local\Programs\Python\Python313\;C:\Users\\AppData\Local\Programs\Python\Python311\Scripts\;C:\Users\\AppData\Local\Programs\Python\Python311\;C:\Users\\AppData\Local\Microsoft\WindowsApps;C:\Users\\AppData\Local\atom\bin;C:\Users\Kolya\AppData\Local\Microsoft\WindowsApps
USERNAME=Kolya
OS=Windows_NT
PROCESSOR_IDENTIFIER=Intel64 Family 6 Model 154 Stepping 3, GenuineIntel
TMP=C:\Users\Kolya\AppData\Local\Temp
TEMP=C:\Users\Kolya\AppData\Local\Temp




Periodic native trim disabled

---------------  S Y S T E M  ---------------

OS:
 Windows 11 , 64 bit Build 26100 (10.0.26100.4202)
OS uptime: 14 days 15:16 hours

CPU: total 16 (initial active 16) (8 cores per cpu, 2 threads per core) family 6 model 154 stepping 3 microcode 0x41e, cx8, cmov, fxsr, ht, mmx, 3dnowpref, sse, sse2, sse3, ssse3, sse4.1, sse4.2, popcnt, lzcnt, tsc, tscinvbit, avx, avx2, aes, erms, clmul, bmi1, bmi2, adx, sha, fma, vzeroupper, clflush, clflushopt, clwb, serialize, rdtscp, rdpid, fsrm, gfni, f16c, pku, cet_ibt, cet_ss
Processor Information for processor 0
  Max Mhz: 2500, Current Mhz: 2500, Mhz Limit: 2500
Processor Information for processor 1
  Max Mhz: 2500, Current Mhz: 2500, Mhz Limit: 2500
Processor Information for processor 2
  Max Mhz: 2500, Current Mhz: 2500, Mhz Limit: 2500
Processor Information for processor 3
  Max Mhz: 2500, Current Mhz: 2500, Mhz Limit: 2500
Processor Information for processor 4
  Max Mhz: 2500, Current Mhz: 2500, Mhz Limit: 2500
Processor Information for processor 5
  Max Mhz: 2500, Current Mhz: 2500, Mhz Limit: 2500
Processor Information for processor 6
  Max Mhz: 2500, Current Mhz: 2500, Mhz Limit: 2500
Processor Information for processor 7
  Max Mhz: 2500, Current Mhz: 2500, Mhz Limit: 2500
Processor Information for processor 8
  Max Mhz: 2500, Current Mhz: 1800, Mhz Limit: 1800
Processor Information for processor 9
  Max Mhz: 2500, Current Mhz: 1800, Mhz Limit: 1800
Processor Information for processor 10
  Max Mhz: 2500, Current Mhz: 1800, Mhz Limit: 1800
Processor Information for processor 11
  Max Mhz: 2500, Current Mhz: 1800, Mhz Limit: 1800
Processor Information for processor 12
  Max Mhz: 2500, Current Mhz: 1800, Mhz Limit: 1800
Processor Information for processor 13
  Max Mhz: 2500, Current Mhz: 1800, Mhz Limit: 1800
Processor Information for processor 14
  Max Mhz: 2500, Current Mhz: 1800, Mhz Limit: 1800
Processor Information for processor 15
  Max Mhz: 2500, Current Mhz: 1800, Mhz Limit: 1800

Memory: 4k page, system-wide physical 16088M (2964M free)
TotalPageFile size 27352M (AvailPageFile size 6764M)
current process WorkingSet (physical memory assigned to process): 160M, peak: 160M
current process commit charge ("private bytes"): 235M, peak: 387M

vm_info: OpenJDK 64-Bit Server VM (24.0.1+9-30) for windows-amd64 JRE (24.0.1+9-30), built on 2025-03-05T07:23:45Z with MS VC++ 17.6 (VS2022)

END.
